INFO:werkzeug:[31m[1mWARNING: This is a development server. Do not use it in a production deployment. Use a production WSGI server instead.[0m
 * Running on http://127.0.0.1:5000
INFO:werkzeug:[33mPress CTRL+C to quit[0m
ERROR:main:Exception on /receive_json [POST]
Traceback (most recent call last):
  File "/home/luised2094/PushSwapApp/PushSwap/myenv/lib/python3.8/site-packages/flask/app.py", line 2190, in wsgi_app
    response = self.full_dispatch_request()
  File "/home/luised2094/PushSwapApp/PushSwap/myenv/lib/python3.8/site-packages/flask/app.py", line 1486, in full_dispatch_request
    rv = self.handle_user_exception(e)
  File "/home/luised2094/PushSwapApp/PushSwap/myenv/lib/python3.8/site-packages/flask/app.py", line 1484, in full_dispatch_request
    rv = self.dispatch_request()
  File "/home/luised2094/PushSwapApp/PushSwap/myenv/lib/python3.8/site-packages/flask/app.py", line 1469, in dispatch_request
    return self.ensure_sync(self.view_functions[rule.endpoint])(**view_args)
TypeError: get_indexed_a() missing 1 required positional argument: 'stack_a'
INFO:werkzeug:127.0.0.1 - - [21/Jun/2023 16:36:46] "[35m[1mPOST /receive_json HTTP/1.1[0m" 500 -
ERROR:main:Exception on /receive_json [POST]
Traceback (most recent call last):
  File "/home/luised2094/PushSwapApp/PushSwap/myenv/lib/python3.8/site-packages/flask/app.py", line 2190, in wsgi_app
    response = self.full_dispatch_request()
  File "/home/luised2094/PushSwapApp/PushSwap/myenv/lib/python3.8/site-packages/flask/app.py", line 1486, in full_dispatch_request
    rv = self.handle_user_exception(e)
  File "/home/luised2094/PushSwapApp/PushSwap/myenv/lib/python3.8/site-packages/flask/app.py", line 1484, in full_dispatch_request
    rv = self.dispatch_request()
  File "/home/luised2094/PushSwapApp/PushSwap/myenv/lib/python3.8/site-packages/flask/app.py", line 1469, in dispatch_request
    return self.ensure_sync(self.view_functions[rule.endpoint])(**view_args)
TypeError: get_indexed_a() missing 1 required positional argument: 'stack_a'
INFO:werkzeug:127.0.0.1 - - [21/Jun/2023 16:39:06] "[35m[1mPOST /receive_json HTTP/1.1[0m" 500 -
ERROR:main:Exception on /receive_json [POST]
Traceback (most recent call last):
  File "/home/luised2094/PushSwapApp/PushSwap/myenv/lib/python3.8/site-packages/flask/app.py", line 2190, in wsgi_app
    response = self.full_dispatch_request()
  File "/home/luised2094/PushSwapApp/PushSwap/myenv/lib/python3.8/site-packages/flask/app.py", line 1486, in full_dispatch_request
    rv = self.handle_user_exception(e)
  File "/home/luised2094/PushSwapApp/PushSwap/myenv/lib/python3.8/site-packages/flask/app.py", line 1484, in full_dispatch_request
    rv = self.dispatch_request()
  File "/home/luised2094/PushSwapApp/PushSwap/myenv/lib/python3.8/site-packages/flask/app.py", line 1469, in dispatch_request
    return self.ensure_sync(self.view_functions[rule.endpoint])(**view_args)
TypeError: get_indexed_a() missing 1 required positional argument: 'stack_a'
INFO:werkzeug:127.0.0.1 - - [21/Jun/2023 16:39:34] "[35m[1mPOST /receive_json HTTP/1.1[0m" 500 -
INFO:werkzeug:[31m[1mWARNING: This is a development server. Do not use it in a production deployment. Use a production WSGI server instead.[0m
 * Running on http://127.0.0.1:5000
INFO:werkzeug:[33mPress CTRL+C to quit[0m
ERROR:main:Exception on /receive_json [POST]
Traceback (most recent call last):
  File "/home/luised2094/PushSwapApp/PushSwap/myenv/lib/python3.8/site-packages/flask/app.py", line 2190, in wsgi_app
    response = self.full_dispatch_request()
  File "/home/luised2094/PushSwapApp/PushSwap/myenv/lib/python3.8/site-packages/flask/app.py", line 1486, in full_dispatch_request
    rv = self.handle_user_exception(e)
  File "/home/luised2094/PushSwapApp/PushSwap/myenv/lib/python3.8/site-packages/flask/app.py", line 1484, in full_dispatch_request
    rv = self.dispatch_request()
  File "/home/luised2094/PushSwapApp/PushSwap/myenv/lib/python3.8/site-packages/flask/app.py", line 1469, in dispatch_request
    return self.ensure_sync(self.view_functions[rule.endpoint])(**view_args)
TypeError: get_indexed_a() missing 1 required positional argument: 'stack_a'
INFO:werkzeug:127.0.0.1 - - [21/Jun/2023 16:42:00] "[35m[1mPOST /receive_json HTTP/1.1[0m" 500 -
